2010.08.06 19:29 B C:\max\Gewerbe\2010\HomePage\hp100806\iphone\datenbank.html --> www.hopf-it.de /iphone datenbank.html
2010.08.06 19:29 B C:\max\Gewerbe\2010\HomePage\hp100806\iphone\Profil.html --> www.hopf-it.de /iphone Profil.html
2010.08.06 19:29 B C:\max\Gewerbe\2010\HomePage\hp100806\iphone\nse.html --> www.hopf-it.de /iphone nse.html
2010.08.06 19:29 B C:\max\Gewerbe\2010\HomePage\hp100806\iphone\hvb.html --> www.hopf-it.de /iphone hvb.html
2010.08.06 19:29 B C:\max\Gewerbe\2010\HomePage\hp100806\iphone\rtgs.html --> www.hopf-it.de /iphone rtgs.html
2010.08.06 19:29 B C:\max\Gewerbe\2010\HomePage\hp100806\iphone\schulung.html --> www.hopf-it.de /iphone schulung.html
2010.08.06 19:29 B C:\max\Gewerbe\2010\HomePage\hp100806\iphone\jni.html --> www.hopf-it.de /iphone jni.html
2010.08.06 19:29 B C:\max\Gewerbe\2010\HomePage\hp100806\iphone\training.html --> www.hopf-it.de /iphone training.html
2010.08.06 19:29 B C:\max\Gewerbe\2010\HomePage\hp100806\iphone\pws.html --> www.hopf-it.de /iphone pws.html
2010.08.06 19:29 B C:\max\Gewerbe\2010\HomePage\hp100806\iphone\ect.html --> www.hopf-it.de /iphone ect.html
2010.08.06 19:29 B C:\max\Gewerbe\2010\HomePage\hp100806\iphone\azh.html --> www.hopf-it.de /iphone azh.html
2010.08.06 19:29 B C:\max\Gewerbe\2010\HomePage\hp100806\iphone\lv1871.html --> www.hopf-it.de /iphone lv1871.html
2010.08.06 19:29 B C:\max\Gewerbe\2010\HomePage\hp100806\iphone\Abschluss.html --> www.hopf-it.de /iphone Abschluss.html
2010.08.06 19:29 B C:\max\Gewerbe\2010\HomePage\hp100806\iphone\MarkusHopf.html --> www.hopf-it.de /iphone MarkusHopf.html
2010.08.06 19:29 B C:\max\Gewerbe\2010\HomePage\hp100806\iphone\index.html --> www.hopf-it.de /iphone index.html
2010.08.11 21:30 B C:\max\Gewerbe\2010\HomePage\hp100811\iphone\hvb.html --> www.hopf-it.de /iphone hvb.html
2010.08.11 21:30 B C:\max\Gewerbe\2010\HomePage\hp100811\iphone\datenbank.html --> www.hopf-it.de /iphone datenbank.html
2010.08.11 21:30 B C:\max\Gewerbe\2010\HomePage\hp100811\iphone\training.html --> www.hopf-it.de /iphone training.html
2010.08.11 21:30 B C:\max\Gewerbe\2010\HomePage\hp100811\iphone\schulung.html --> www.hopf-it.de /iphone schulung.html
2010.08.11 21:30 B C:\max\Gewerbe\2010\HomePage\hp100811\iphone\jni.html --> www.hopf-it.de /iphone jni.html
2010.08.11 21:30 B C:\max\Gewerbe\2010\HomePage\hp100811\iphone\ect.html --> www.hopf-it.de /iphone ect.html
2010.08.12 19:21 B C:\max\Gewerbe\2010\HomePage\hp100812\iphone\program.html --> www.hopf-it.de /iphone program.html
2010.08.12 19:21 B C:\max\Gewerbe\2010\HomePage\hp100812\iphone\index.html --> www.hopf-it.de /iphone index.html
2010.08.12 19:21 B C:\max\Gewerbe\2010\HomePage\hp100812\iphone\Services.html --> www.hopf-it.de /iphone Services.html
2010.08.12 21:15 B C:\max\Gewerbe\2010\HomePage\hp100812\iphone\Verfuegbarkeit.html --> www.hopf-it.de /iphone Verfuegbarkeit.html
2010.08.12 21:15 B C:\max\Gewerbe\2010\HomePage\hp100812\iphone\MarkusHopf.html --> www.hopf-it.de /iphone MarkusHopf.html
2010.08.17 21:10 B C:\max\Gewerbe\2010\HomePage\hp100812\iphone\MarkusHopf.html --> www.hopf-it.de /iphone MarkusHopf.html
2010.08.17 21:12 B C:\max\Gewerbe\2010\HomePage\hp100812\iphone\MarkusHopf.html --> www.hopf-it.de /iphone MarkusHopf.html
2010.08.18 22:24 B C:\max\Gewerbe\2010\HomePage\hp100818\iphone\MarkusHopf.html --> www.hopf-it.de /iphone MarkusHopf.html
2010.08.18 22:35 B C:\max\Gewerbe\2010\HomePage\hp100818\iphone\MarkusHopf.html --> www.hopf-it.de /iphone MarkusHopf.html
2010.08.18 22:41 B C:\max\Gewerbe\2010\HomePage\hp100818\iphone\MarkusHopf.html --> www.hopf-it.de /iphone MarkusHopf.html
2010.08.18 22:43 B C:\max\Gewerbe\2010\HomePage\hp100818\iphone\MarkusHopf.html --> www.hopf-it.de /iphone MarkusHopf.html
