2010.05.02 19:06 B C:\temp\iu\iui\backButton.png --> www.hopf-it.de /mobil/iui backButton.png
2010.05.02 19:06 B C:\temp\iu\iui\blueButton.png --> www.hopf-it.de /mobil/iui blueButton.png
2010.05.02 19:06 B C:\temp\iu\iui\cancel.png --> www.hopf-it.de /mobil/iui cancel.png
2010.05.02 19:06 B C:\temp\iu\iui\grayButton.png --> www.hopf-it.de /mobil/iui grayButton.png
2010.05.02 19:06 B C:\temp\iu\iui\iui-logo-touch-icon.png --> www.hopf-it.de /mobil/iui iui-logo-touch-icon.png
2010.05.02 19:06 B C:\temp\iu\iui\iui.css --> www.hopf-it.de /mobil/iui iui.css
2010.05.02 19:06 B C:\temp\iu\iui\iui.js --> www.hopf-it.de /mobil/iui iui.js
2010.05.02 19:06 B C:\temp\iu\iui\iuix.css --> www.hopf-it.de /mobil/iui iuix.css
2010.05.02 19:06 B C:\temp\iu\iui\iuix.js --> www.hopf-it.de /mobil/iui iuix.js
2010.05.02 19:06 B C:\temp\iu\iui\listArrow.png --> www.hopf-it.de /mobil/iui listArrow.png
2010.05.02 19:06 B C:\temp\iu\iui\listArrowSel.png --> www.hopf-it.de /mobil/iui listArrowSel.png
2010.05.02 19:06 B C:\temp\iu\iui\listGroup.png --> www.hopf-it.de /mobil/iui listGroup.png
2010.05.02 19:06 B C:\temp\iu\iui\loading.gif --> www.hopf-it.de /mobil/iui loading.gif
2010.05.02 19:06 B C:\temp\iu\iui\pinstripes.png --> www.hopf-it.de /mobil/iui pinstripes.png
2010.05.02 19:06 B C:\temp\iu\iui\redButton.png --> www.hopf-it.de /mobil/iui redButton.png
2010.05.02 19:06 B C:\temp\iu\iui\selection.png --> www.hopf-it.de /mobil/iui selection.png
2010.05.02 19:06 B C:\temp\iu\iui\thumb.png --> www.hopf-it.de /mobil/iui thumb.png
2010.05.02 19:06 B C:\temp\iu\iui\toggle.png --> www.hopf-it.de /mobil/iui toggle.png
2010.05.02 19:06 B C:\temp\iu\iui\toggleOn.png --> www.hopf-it.de /mobil/iui toggleOn.png
2010.05.02 19:06 B C:\temp\iu\iui\toolbar.png --> www.hopf-it.de /mobil/iui toolbar.png
2010.05.02 19:06 B C:\temp\iu\iui\toolButton.png --> www.hopf-it.de /mobil/iui toolButton.png
2010.05.02 19:06 B C:\temp\iu\iui\whiteButton.png --> www.hopf-it.de /mobil/iui whiteButton.png
2010.05.02 19:15 B C:\temp\iu\iui\backButton.png --> www.hopf-it.de /iphone/iui backButton.png
2010.05.02 19:15 B C:\temp\iu\iui\blueButton.png --> www.hopf-it.de /iphone/iui blueButton.png
2010.05.02 19:15 B C:\temp\iu\iui\cancel.png --> www.hopf-it.de /iphone/iui cancel.png
2010.05.02 19:15 B C:\temp\iu\iui\grayButton.png --> www.hopf-it.de /iphone/iui grayButton.png
2010.05.02 19:15 B C:\temp\iu\iui\iui-logo-touch-icon.png --> www.hopf-it.de /iphone/iui iui-logo-touch-icon.png
2010.05.02 19:15 B C:\temp\iu\iui\iui.css --> www.hopf-it.de /iphone/iui iui.css
2010.05.02 19:15 B C:\temp\iu\iui\iui.js --> www.hopf-it.de /iphone/iui iui.js
2010.05.02 19:15 B C:\temp\iu\iui\iuix.css --> www.hopf-it.de /iphone/iui iuix.css
2010.05.02 19:15 B C:\temp\iu\iui\iuix.js --> www.hopf-it.de /iphone/iui iuix.js
2010.05.02 19:15 B C:\temp\iu\iui\listArrow.png --> www.hopf-it.de /iphone/iui listArrow.png
2010.05.02 19:15 B C:\temp\iu\iui\listArrowSel.png --> www.hopf-it.de /iphone/iui listArrowSel.png
2010.05.02 19:15 B C:\temp\iu\iui\listGroup.png --> www.hopf-it.de /iphone/iui listGroup.png
2010.05.02 19:15 B C:\temp\iu\iui\loading.gif --> www.hopf-it.de /iphone/iui loading.gif
2010.05.02 19:15 B C:\temp\iu\iui\pinstripes.png --> www.hopf-it.de /iphone/iui pinstripes.png
2010.05.02 19:15 B C:\temp\iu\iui\redButton.png --> www.hopf-it.de /iphone/iui redButton.png
2010.05.02 19:15 B C:\temp\iu\iui\selection.png --> www.hopf-it.de /iphone/iui selection.png
2010.05.02 19:15 B C:\temp\iu\iui\thumb.png --> www.hopf-it.de /iphone/iui thumb.png
2010.05.02 19:15 B C:\temp\iu\iui\toggle.png --> www.hopf-it.de /iphone/iui toggle.png
2010.05.02 19:15 B C:\temp\iu\iui\toggleOn.png --> www.hopf-it.de /iphone/iui toggleOn.png
2010.05.02 19:15 B C:\temp\iu\iui\toolbar.png --> www.hopf-it.de /iphone/iui toolbar.png
2010.05.02 19:15 B C:\temp\iu\iui\toolButton.png --> www.hopf-it.de /iphone/iui toolButton.png
2010.05.02 19:15 B C:\temp\iu\iui\whiteButton.png --> www.hopf-it.de /iphone/iui whiteButton.png
2010.05.02 19:15 B C:\temp\iu\iui\WS_FTP.LOG --> www.hopf-it.de /iphone/iui WS_FTP.LOG
2010.05.12 19:15 B C:\max\Gewerbe\2010\HomePage\hp100505\iphone\iui\_iui-logo-touch-icon.png --> www.hopf-it.de /iphone/iui _iui-logo-touch-icon.png
2010.05.12 19:15 B C:\max\Gewerbe\2010\HomePage\hp100505\iphone\iui\backButton.png --> www.hopf-it.de /iphone/iui backButton.png
2010.05.12 19:15 B C:\max\Gewerbe\2010\HomePage\hp100505\iphone\iui\blueButton.png --> www.hopf-it.de /iphone/iui blueButton.png
2010.05.12 19:15 B C:\max\Gewerbe\2010\HomePage\hp100505\iphone\iui\cancel.png --> www.hopf-it.de /iphone/iui cancel.png
2010.05.12 19:15 B C:\max\Gewerbe\2010\HomePage\hp100505\iphone\iui\grayButton.png --> www.hopf-it.de /iphone/iui grayButton.png
2010.05.12 19:15 B C:\max\Gewerbe\2010\HomePage\hp100505\iphone\iui\iui-logo-touch-icon.png --> www.hopf-it.de /iphone/iui iui-logo-touch-icon.png
2010.05.12 19:15 B C:\max\Gewerbe\2010\HomePage\hp100505\iphone\iui\iui.css --> www.hopf-it.de /iphone/iui iui.css
2010.05.12 19:15 B C:\max\Gewerbe\2010\HomePage\hp100505\iphone\iui\iui.js --> www.hopf-it.de /iphone/iui iui.js
2010.05.12 19:15 B C:\max\Gewerbe\2010\HomePage\hp100505\iphone\iui\iuix.css --> www.hopf-it.de /iphone/iui iuix.css
2010.05.12 19:15 B C:\max\Gewerbe\2010\HomePage\hp100505\iphone\iui\iuix.js --> www.hopf-it.de /iphone/iui iuix.js
2010.05.12 19:15 B C:\max\Gewerbe\2010\HomePage\hp100505\iphone\iui\listArrow.png --> www.hopf-it.de /iphone/iui listArrow.png
2010.05.12 19:15 B C:\max\Gewerbe\2010\HomePage\hp100505\iphone\iui\listArrowSel.png --> www.hopf-it.de /iphone/iui listArrowSel.png
2010.05.12 19:15 B C:\max\Gewerbe\2010\HomePage\hp100505\iphone\iui\listGroup.png --> www.hopf-it.de /iphone/iui listGroup.png
2010.05.12 19:15 B C:\max\Gewerbe\2010\HomePage\hp100505\iphone\iui\loading.gif --> www.hopf-it.de /iphone/iui loading.gif
2010.05.12 19:15 B C:\max\Gewerbe\2010\HomePage\hp100505\iphone\iui\pinstripes.png --> www.hopf-it.de /iphone/iui pinstripes.png
2010.05.12 19:15 B C:\max\Gewerbe\2010\HomePage\hp100505\iphone\iui\redButton.png --> www.hopf-it.de /iphone/iui redButton.png
2010.05.12 19:15 B C:\max\Gewerbe\2010\HomePage\hp100505\iphone\iui\selection.png --> www.hopf-it.de /iphone/iui selection.png
2010.05.12 19:15 B C:\max\Gewerbe\2010\HomePage\hp100505\iphone\iui\thumb.png --> www.hopf-it.de /iphone/iui thumb.png
2010.05.12 19:15 B C:\max\Gewerbe\2010\HomePage\hp100505\iphone\iui\toggle.png --> www.hopf-it.de /iphone/iui toggle.png
2010.05.12 19:15 B C:\max\Gewerbe\2010\HomePage\hp100505\iphone\iui\toggleOn.png --> www.hopf-it.de /iphone/iui toggleOn.png
2010.05.12 19:15 B C:\max\Gewerbe\2010\HomePage\hp100505\iphone\iui\toolbar.png --> www.hopf-it.de /iphone/iui toolbar.png
2010.05.12 19:15 B C:\max\Gewerbe\2010\HomePage\hp100505\iphone\iui\toolButton.png --> www.hopf-it.de /iphone/iui toolButton.png
2010.05.12 19:15 B C:\max\Gewerbe\2010\HomePage\hp100505\iphone\iui\whiteButton.png --> www.hopf-it.de /iphone/iui whiteButton.png
2010.05.12 19:15 B C:\max\Gewerbe\2010\HomePage\hp100505\iphone\iui\WS_FTP.LOG --> www.hopf-it.de /iphone/iui WS_FTP.LOG
2010.08.05 18:54 B C:\max\Gewerbe\2010\HomePage\hp100805\iphone\iui\_iui-logo-touch-icon.png --> www.hopf-it.de /iphone/iui _iui-logo-touch-icon.png
2010.08.05 18:54 B C:\max\Gewerbe\2010\HomePage\hp100805\iphone\iui\backButton.png --> www.hopf-it.de /iphone/iui backButton.png
2010.08.05 18:54 B C:\max\Gewerbe\2010\HomePage\hp100805\iphone\iui\blueButton.png --> www.hopf-it.de /iphone/iui blueButton.png
2010.08.05 18:54 B C:\max\Gewerbe\2010\HomePage\hp100805\iphone\iui\cancel.png --> www.hopf-it.de /iphone/iui cancel.png
2010.08.05 18:54 B C:\max\Gewerbe\2010\HomePage\hp100805\iphone\iui\grayButton.png --> www.hopf-it.de /iphone/iui grayButton.png
2010.08.05 18:54 B C:\max\Gewerbe\2010\HomePage\hp100805\iphone\iui\iui-logo-touch-icon.png --> www.hopf-it.de /iphone/iui iui-logo-touch-icon.png
2010.08.05 18:54 B C:\max\Gewerbe\2010\HomePage\hp100805\iphone\iui\iui.css --> www.hopf-it.de /iphone/iui iui.css
2010.08.05 18:54 B C:\max\Gewerbe\2010\HomePage\hp100805\iphone\iui\iui.js --> www.hopf-it.de /iphone/iui iui.js
2010.08.05 18:54 B C:\max\Gewerbe\2010\HomePage\hp100805\iphone\iui\iuix.css --> www.hopf-it.de /iphone/iui iuix.css
2010.08.05 18:54 B C:\max\Gewerbe\2010\HomePage\hp100805\iphone\iui\iuix.js --> www.hopf-it.de /iphone/iui iuix.js
2010.08.05 18:54 B C:\max\Gewerbe\2010\HomePage\hp100805\iphone\iui\listArrow.png --> www.hopf-it.de /iphone/iui listArrow.png
2010.08.05 18:54 B C:\max\Gewerbe\2010\HomePage\hp100805\iphone\iui\listArrowSel.png --> www.hopf-it.de /iphone/iui listArrowSel.png
2010.08.05 18:54 B C:\max\Gewerbe\2010\HomePage\hp100805\iphone\iui\listGroup.png --> www.hopf-it.de /iphone/iui listGroup.png
2010.08.05 18:54 B C:\max\Gewerbe\2010\HomePage\hp100805\iphone\iui\loading.gif --> www.hopf-it.de /iphone/iui loading.gif
2010.08.05 18:54 B C:\max\Gewerbe\2010\HomePage\hp100805\iphone\iui\pinstripes.png --> www.hopf-it.de /iphone/iui pinstripes.png
2010.08.05 18:54 B C:\max\Gewerbe\2010\HomePage\hp100805\iphone\iui\redButton.png --> www.hopf-it.de /iphone/iui redButton.png
2010.08.05 18:54 B C:\max\Gewerbe\2010\HomePage\hp100805\iphone\iui\selection.png --> www.hopf-it.de /iphone/iui selection.png
2010.08.05 18:54 B C:\max\Gewerbe\2010\HomePage\hp100805\iphone\iui\thumb.png --> www.hopf-it.de /iphone/iui thumb.png
2010.08.05 18:54 B C:\max\Gewerbe\2010\HomePage\hp100805\iphone\iui\toggle.png --> www.hopf-it.de /iphone/iui toggle.png
2010.08.05 18:54 B C:\max\Gewerbe\2010\HomePage\hp100805\iphone\iui\toggleOn.png --> www.hopf-it.de /iphone/iui toggleOn.png
2010.08.05 18:54 B C:\max\Gewerbe\2010\HomePage\hp100805\iphone\iui\toolbar.png --> www.hopf-it.de /iphone/iui toolbar.png
2010.08.05 18:54 B C:\max\Gewerbe\2010\HomePage\hp100805\iphone\iui\toolButton.png --> www.hopf-it.de /iphone/iui toolButton.png
2010.08.05 18:54 B C:\max\Gewerbe\2010\HomePage\hp100805\iphone\iui\whiteButton.png --> www.hopf-it.de /iphone/iui whiteButton.png
2010.08.05 18:54 B C:\max\Gewerbe\2010\HomePage\hp100805\iphone\iui\WS_FTP.LOG --> www.hopf-it.de /iphone/iui WS_FTP.LOG
2010.08.06 19:30 B C:\max\Gewerbe\2010\HomePage\hp100806\iphone\iui\iuix.css --> www.hopf-it.de /iphone/iui iuix.css
